
ROM used:   472/16384 (3%)
            472/16384 (3%) including unused fragments

            0.5 Average locations per line
            13.1 Average locations per statement

RAM used:   40/512 (8%) at main() level
            46/512 (9%) worst case

Stack used: 2 worst case (0 in main + 2 for interrupts)
Stack size: 31

Lines Stmts  %   Files
----- ----- ---  -----
   66    36 100  main.c
   12     0   0  main.h
  873     0   0  D:\Program Files\PICC\Devices\18F14K22.h
----- -----
  951    36 Total

Page ROM  %  RAM    Vol Diff  Functions:
---- --- --- ---    --- ----  ----------
0     24   3    1             @I2C_WRITE_1
0     90  10    0    357  3.3  i2c_interupt
0    110  12    0    154  3.5  MAIN
0     78   8    6    276  6.5  get_led_status
 Inline         0    290  6.0  @cinit1

Program metrics:
    Functions               4
    Statements              36
    Comments                172
    Volume (V)              1500
    Difficulty (D)          18.9
    Effort to implement (E) 28283
    Time to implement (T)   26 minutes
    Est Delivered Bugs (B)  0
    Cyclomatic Complexity   10
    Maintainability (MI)    71

 Segment     Used  Free
-----------  ----  ----
00000-00002     4  0  
00004-00006     0  4  
00008-000AC   166  0  
000AE-03FFE   302  15908  



