
ROM used:   1250/24576 (5%)
            1250/24576 (5%) including unused fragments

            0.4 Average locations per line
            2.0 Average locations per statement

RAM used:   100/2048 (5%) at main() level
            112/2048 (5%) worst case

Stack used: 1 worst case (0 in main + 1 for interrupts)
Stack size: 31

Lines Stmts  %   Files
----- ----- ---  -----
  268   144  23  main.c
   50     0   0  main.h
  781     0   0  D:\Program Files\PICC\Devices\18F2455.h
 1352   359  57  D:\Program Files\PICC\Drivers\STDLIB.H
   32     0   0  D:\Program Files\PICC\Drivers\stddef.h
  435   129  20  D:\Program Files\PICC\Drivers\string.h
   28     0   0  D:\Program Files\PICC\Drivers\ctype.h
----- -----
 2946   632 Total

Page ROM  %  RAM    Vol Diff  Functions:
---- --- --- ---    --- ----  ----------
0     24   1    1             @delay_ms1
0     86   3   14             @MUL3232
0    106   4    4    101  3.8  rand
0     68   3    5             @DIV1616
0      6   0    0      5  1.0  i2c_interupt
0    134   5   55    231  4.8  MAIN
0     42   2    0    202  1.4  init
0    230   9    4    265  6.0  game
0     18   1    0     72  1.2  enable_trans
0     20   1    0     72  1.2  disable_trans
0     50   2    1    179  1.4  display_wrong
0     60   2    1    295  3.3  display_wrong2
 Inline         9   1122  8.6  check_button_press
0    236   9    5    731  6.0  blink_this_turn
 Inline         0             @cinit1

Program metrics:
    Functions               11
    Statements              632
    Comments                997
    Volume (V)              5082
    Difficulty (D)          38.1
    Effort to implement (E) 193611
    Time to implement (T)   2 hours, 59 minutes
    Est Delivered Bugs (B)  1
    Cyclomatic Complexity   19
    Maintainability (MI)    114

 Segment     Used  Free
-----------  ----  ----
00000-00002     4  0  
00004-00006     0  4  
00008-000AC   166  0  
000AE-05FFE  1080  23322  



